<?xml version="1.0" encoding="UTF-8"?>
<!-- Generated by org.testng.reporters.JUnitXMLReporter -->
<testsuite hostname="DESKTOP-NRVKOD6" ignored="0" name="Default test" tests="3" failures="0" timestamp="2021-07-03T12:48:14 CDT" time="29.231" errors="0">
  <testcase name="userShouldBeAbleToAddCategory" time="8.155" classname="test.TestNGTest"/>
  <testcase name="userShouldNotBeAbleToAddDuplicateCategory" time="5.356" classname="test.TestNGTest"/>
  <testcase name="dropdownShouldHaveAllMonths" time="5.155" classname="test.TestNGTest"/>
</testsuite> <!-- Default test -->
