<?xml version="1.0" encoding="UTF-8"?>
<testng-results skipped="0" failed="0" ignored="0" total="3" passed="3">
  <reporter-output>
  </reporter-output>
  <suite name="Default suite" duration-ms="29231" started-at="2021-07-03T12:47:45 CDT" finished-at="2021-07-03T12:48:14 CDT">
    <groups>
    </groups>
    <test name="Default test" duration-ms="29231" started-at="2021-07-03T12:47:45 CDT" finished-at="2021-07-03T12:48:14 CDT">
      <class name="test.TestNGTest">
        <test-method status="PASS" signature="startEverything()[pri:0, instance:test.TestNGTest@2833cc44]" name="startEverything" is-config="true" duration-ms="2921" started-at="2021-07-03T12:47:45 CDT" finished-at="2021-07-03T12:47:48 CDT">
          <reporter-output>
          </reporter-output>
        </test-method> <!-- startEverything -->
        <test-method status="PASS" signature="userShouldBeAbleToAddCategory()[pri:1, instance:test.TestNGTest@2833cc44]" name="userShouldBeAbleToAddCategory" duration-ms="8155" started-at="2021-07-03T12:47:48 CDT" finished-at="2021-07-03T12:47:56 CDT">
          <reporter-output>
          </reporter-output>
        </test-method> <!-- userShouldBeAbleToAddCategory -->
        <test-method status="PASS" signature="tearDown()[pri:0, instance:test.TestNGTest@2833cc44]" name="tearDown" is-config="true" duration-ms="607" started-at="2021-07-03T12:47:56 CDT" finished-at="2021-07-03T12:47:57 CDT">
          <reporter-output>
          </reporter-output>
        </test-method> <!-- tearDown -->
        <test-method status="PASS" signature="startEverything()[pri:0, instance:test.TestNGTest@2833cc44]" name="startEverything" is-config="true" duration-ms="2884" started-at="2021-07-03T12:47:57 CDT" finished-at="2021-07-03T12:48:00 CDT">
          <reporter-output>
          </reporter-output>
        </test-method> <!-- startEverything -->
        <test-method status="PASS" signature="userShouldNotBeAbleToAddDuplicateCategory()[pri:2, instance:test.TestNGTest@2833cc44]" name="userShouldNotBeAbleToAddDuplicateCategory" duration-ms="5356" started-at="2021-07-03T12:48:00 CDT" finished-at="2021-07-03T12:48:05 CDT">
          <reporter-output>
          </reporter-output>
        </test-method> <!-- userShouldNotBeAbleToAddDuplicateCategory -->
        <test-method status="PASS" signature="tearDown()[pri:0, instance:test.TestNGTest@2833cc44]" name="tearDown" is-config="true" duration-ms="585" started-at="2021-07-03T12:48:05 CDT" finished-at="2021-07-03T12:48:06 CDT">
          <reporter-output>
          </reporter-output>
        </test-method> <!-- tearDown -->
        <test-method status="PASS" signature="startEverything()[pri:0, instance:test.TestNGTest@2833cc44]" name="startEverything" is-config="true" duration-ms="2955" started-at="2021-07-03T12:48:06 CDT" finished-at="2021-07-03T12:48:09 CDT">
          <reporter-output>
          </reporter-output>
        </test-method> <!-- startEverything -->
        <test-method status="PASS" signature="dropdownShouldHaveAllMonths()[pri:3, instance:test.TestNGTest@2833cc44]" name="dropdownShouldHaveAllMonths" duration-ms="5155" started-at="2021-07-03T12:48:09 CDT" finished-at="2021-07-03T12:48:14 CDT">
          <reporter-output>
          </reporter-output>
        </test-method> <!-- dropdownShouldHaveAllMonths -->
        <test-method status="PASS" signature="tearDown()[pri:0, instance:test.TestNGTest@2833cc44]" name="tearDown" is-config="true" duration-ms="592" started-at="2021-07-03T12:48:14 CDT" finished-at="2021-07-03T12:48:14 CDT">
          <reporter-output>
          </reporter-output>
        </test-method> <!-- tearDown -->
      </class> <!-- test.TestNGTest -->
    </test> <!-- Default test -->
  </suite> <!-- Default suite -->
</testng-results>
